<?xml version="1.0" encoding="UTF-8"?>
<!-- Generated by org.testng.reporters.JUnitReportReporter -->
<testsuite hostname="prajakta-PC" name="banking.project.Test.TC_001" tests="1" failures="0" timestamp="28 Dec 2020 07:02:06 GMT" time="5.007" errors="0">
  <testcase name="VisitTest" time="5.007" classname="banking.project.Test.TC_001"/>
</testsuite> <!-- banking.project.Test.TC_001 -->
